{"level":"error","message":"CLIENT_SECRET not set!","service":"appoint-backend","timestamp":"2025-12-03 18:52:35"}
{"level":"error","message":"CLIENT_ID not set!","service":"appoint-backend","timestamp":"2025-12-03 18:52:35"}
{"level":"error","message":"CLIENT_SECRET not set!","service":"appoint-backend","timestamp":"2025-12-03 18:53:31"}
{"level":"error","message":"CLIENT_ID not set!","service":"appoint-backend","timestamp":"2025-12-03 18:53:31"}
{"level":"error","message":"CLIENT_SECRET not set!","service":"appoint-backend","timestamp":"2025-12-03 18:54:46"}
{"level":"error","message":"CLIENT_SECRET not set!","service":"appoint-backend","timestamp":"2025-12-03 18:54:46"}
{"level":"error","message":"CLIENT_ID not set!","service":"appoint-backend","timestamp":"2025-12-03 18:54:46"}
{"level":"error","message":"CLIENT_ID not set!","service":"appoint-backend","timestamp":"2025-12-03 18:54:46"}
{"level":"error","message":"CLIENT_SECRET not set!","service":"appoint-backend","timestamp":"2025-12-03 18:54:46"}
{"level":"error","message":"CLIENT_ID not set!","service":"appoint-backend","timestamp":"2025-12-03 18:54:46"}
{"level":"error","message":"getAvailableTime: event not found or freeBusy failed: TypeError: calendar.events.list is not a function\n    at /home/cgawron/git/book_me/backend/src/controller/google_controller.ts:305:30\n    at processTicksAndRejections (node:internal/process/task_queues:103:5) {\n  [stack]: [Getter/Setter],\n  [message]: 'calendar.events.list is not a function'\n}","service":"appoint-backend","timestamp":"2025-12-03 18:54:46"}
{"level":"error","message":"jwt malformed","name":"JsonWebTokenError","service":"appoint-backend","stack":"JsonWebTokenError: jwt malformed\n    at module.exports (/home/cgawron/git/book_me/node_modules/jsonwebtoken/verify.js:70:17)\n    at requireAuth (/home/cgawron/git/book_me/backend/src/handlers/middleware.ts:44:7)\n    at Layer.handle [as handle_request] (/home/cgawron/git/book_me/node_modules/express/lib/router/layer.js:95:5)\n    at next (/home/cgawron/git/book_me/node_modules/express/lib/router/route.js:149:13)\n    at Route.dispatch (/home/cgawron/git/book_me/node_modules/express/lib/router/route.js:119:3)\n    at Layer.handle [as handle_request] (/home/cgawron/git/book_me/node_modules/express/lib/router/layer.js:95:5)\n    at /home/cgawron/git/book_me/node_modules/express/lib/router/index.js:284:15\n    at router.process_params (/home/cgawron/git/book_me/node_modules/express/lib/router/index.js:346:12)\n    at next (/home/cgawron/git/book_me/node_modules/express/lib/router/index.js:280:10)\n    at router.handle (/home/cgawron/git/book_me/node_modules/express/lib/router/index.js:175:3)","timestamp":"2025-12-03 18:54:47"}
{"level":"error","message":"CLIENT_SECRET not set!","service":"appoint-backend","timestamp":"2025-12-03 18:55:34"}
{"level":"error","message":"CLIENT_SECRET not set!","service":"appoint-backend","timestamp":"2025-12-03 18:55:34"}
{"level":"error","message":"CLIENT_ID not set!","service":"appoint-backend","timestamp":"2025-12-03 18:55:34"}
{"level":"error","message":"CLIENT_ID not set!","service":"appoint-backend","timestamp":"2025-12-03 18:55:34"}
{"level":"error","message":"CLIENT_SECRET not set!","service":"appoint-backend","timestamp":"2025-12-03 18:55:34"}
{"level":"error","message":"CLIENT_ID not set!","service":"appoint-backend","timestamp":"2025-12-03 18:55:34"}
{"level":"error","message":"getAvailableTime: event not found or freeBusy failed: TypeError: calendar.events.list is not a function\n    at /home/cgawron/git/book_me/backend/src/controller/google_controller.ts:305:30\n    at processTicksAndRejections (node:internal/process/task_queues:103:5) {\n  [stack]: [Getter/Setter],\n  [message]: 'calendar.events.list is not a function'\n}","service":"appoint-backend","timestamp":"2025-12-03 18:55:35"}
{"level":"error","message":"jwt malformed","name":"JsonWebTokenError","service":"appoint-backend","stack":"JsonWebTokenError: jwt malformed\n    at module.exports (/home/cgawron/git/book_me/node_modules/jsonwebtoken/verify.js:70:17)\n    at requireAuth (/home/cgawron/git/book_me/backend/src/handlers/middleware.ts:44:7)\n    at Layer.handle [as handle_request] (/home/cgawron/git/book_me/node_modules/express/lib/router/layer.js:95:5)\n    at next (/home/cgawron/git/book_me/node_modules/express/lib/router/route.js:149:13)\n    at Route.dispatch (/home/cgawron/git/book_me/node_modules/express/lib/router/route.js:119:3)\n    at Layer.handle [as handle_request] (/home/cgawron/git/book_me/node_modules/express/lib/router/layer.js:95:5)\n    at /home/cgawron/git/book_me/node_modules/express/lib/router/index.js:284:15\n    at router.process_params (/home/cgawron/git/book_me/node_modules/express/lib/router/index.js:346:12)\n    at next (/home/cgawron/git/book_me/node_modules/express/lib/router/index.js:280:10)\n    at router.handle (/home/cgawron/git/book_me/node_modules/express/lib/router/index.js:175:3)","timestamp":"2025-12-03 18:55:35"}
{"level":"error","message":"CLIENT_SECRET not set!","service":"appoint-backend","timestamp":"2025-12-03 18:56:29"}
{"level":"error","message":"CLIENT_SECRET not set!","service":"appoint-backend","timestamp":"2025-12-03 18:56:29"}
{"level":"error","message":"CLIENT_ID not set!","service":"appoint-backend","timestamp":"2025-12-03 18:56:29"}
{"level":"error","message":"CLIENT_ID not set!","service":"appoint-backend","timestamp":"2025-12-03 18:56:29"}
{"level":"error","message":"CLIENT_SECRET not set!","service":"appoint-backend","timestamp":"2025-12-03 18:56:29"}
{"level":"error","message":"CLIENT_ID not set!","service":"appoint-backend","timestamp":"2025-12-03 18:56:29"}
{"level":"error","message":"getAvailableTime: event not found or freeBusy failed: TypeError: calendar.events.list is not a function\n    at /home/cgawron/git/book_me/backend/src/controller/google_controller.ts:305:30\n    at processTicksAndRejections (node:internal/process/task_queues:103:5) {\n  [stack]: [Getter/Setter],\n  [message]: 'calendar.events.list is not a function'\n}","service":"appoint-backend","timestamp":"2025-12-03 18:56:30"}
{"level":"error","message":"jwt malformed","name":"JsonWebTokenError","service":"appoint-backend","stack":"JsonWebTokenError: jwt malformed\n    at module.exports (/home/cgawron/git/book_me/node_modules/jsonwebtoken/verify.js:70:17)\n    at requireAuth (/home/cgawron/git/book_me/backend/src/handlers/middleware.ts:44:7)\n    at Layer.handle [as handle_request] (/home/cgawron/git/book_me/node_modules/express/lib/router/layer.js:95:5)\n    at next (/home/cgawron/git/book_me/node_modules/express/lib/router/route.js:149:13)\n    at Route.dispatch (/home/cgawron/git/book_me/node_modules/express/lib/router/route.js:119:3)\n    at Layer.handle [as handle_request] (/home/cgawron/git/book_me/node_modules/express/lib/router/layer.js:95:5)\n    at /home/cgawron/git/book_me/node_modules/express/lib/router/index.js:284:15\n    at router.process_params (/home/cgawron/git/book_me/node_modules/express/lib/router/index.js:346:12)\n    at next (/home/cgawron/git/book_me/node_modules/express/lib/router/index.js:280:10)\n    at router.handle (/home/cgawron/git/book_me/node_modules/express/lib/router/index.js:175:3)","timestamp":"2025-12-03 18:56:30"}
{"level":"error","message":"CLIENT_SECRET not set!","service":"appoint-backend","timestamp":"2025-12-03 18:56:57"}
{"level":"error","message":"CLIENT_SECRET not set!","service":"appoint-backend","timestamp":"2025-12-03 18:56:57"}
{"level":"error","message":"CLIENT_ID not set!","service":"appoint-backend","timestamp":"2025-12-03 18:56:57"}
{"level":"error","message":"CLIENT_ID not set!","service":"appoint-backend","timestamp":"2025-12-03 18:56:57"}
{"level":"error","message":"CLIENT_SECRET not set!","service":"appoint-backend","timestamp":"2025-12-03 18:56:57"}
{"level":"error","message":"CLIENT_ID not set!","service":"appoint-backend","timestamp":"2025-12-03 18:56:57"}
{"level":"error","message":"getAvailableTime: event not found or freeBusy failed: TypeError: calendar.events.list is not a function\n    at /home/cgawron/git/book_me/backend/src/controller/google_controller.ts:305:30\n    at processTicksAndRejections (node:internal/process/task_queues:103:5) {\n  [stack]: [Getter/Setter],\n  [message]: 'calendar.events.list is not a function'\n}","service":"appoint-backend","timestamp":"2025-12-03 18:56:57"}
{"level":"error","message":"jwt malformed","name":"JsonWebTokenError","service":"appoint-backend","stack":"JsonWebTokenError: jwt malformed\n    at module.exports (/home/cgawron/git/book_me/node_modules/jsonwebtoken/verify.js:70:17)\n    at requireAuth (/home/cgawron/git/book_me/backend/src/handlers/middleware.ts:44:7)\n    at Layer.handle [as handle_request] (/home/cgawron/git/book_me/node_modules/express/lib/router/layer.js:95:5)\n    at next (/home/cgawron/git/book_me/node_modules/express/lib/router/route.js:149:13)\n    at Route.dispatch (/home/cgawron/git/book_me/node_modules/express/lib/router/route.js:119:3)\n    at Layer.handle [as handle_request] (/home/cgawron/git/book_me/node_modules/express/lib/router/layer.js:95:5)\n    at /home/cgawron/git/book_me/node_modules/express/lib/router/index.js:284:15\n    at router.process_params (/home/cgawron/git/book_me/node_modules/express/lib/router/index.js:346:12)\n    at next (/home/cgawron/git/book_me/node_modules/express/lib/router/index.js:280:10)\n    at router.handle (/home/cgawron/git/book_me/node_modules/express/lib/router/index.js:175:3)","timestamp":"2025-12-03 18:56:58"}
{"level":"error","message":"CLIENT_SECRET not set!","service":"appoint-backend","timestamp":"2025-12-03 18:57:25"}
{"level":"error","message":"CLIENT_ID not set!","service":"appoint-backend","timestamp":"2025-12-03 18:57:25"}
{"level":"error","message":"CLIENT_SECRET not set!","service":"appoint-backend","timestamp":"2025-12-03 18:57:25"}
{"level":"error","message":"CLIENT_ID not set!","service":"appoint-backend","timestamp":"2025-12-03 18:57:25"}
{"level":"error","message":"CLIENT_SECRET not set!","service":"appoint-backend","timestamp":"2025-12-03 18:57:25"}
{"level":"error","message":"CLIENT_ID not set!","service":"appoint-backend","timestamp":"2025-12-03 18:57:25"}
{"level":"error","message":"getAvailableTime: event not found or freeBusy failed: TypeError: calendar.events.list is not a function\n    at /home/cgawron/git/book_me/backend/src/controller/google_controller.ts:310:30\n    at processTicksAndRejections (node:internal/process/task_queues:103:5) {\n  [stack]: [Getter/Setter],\n  [message]: 'calendar.events.list is not a function'\n}","service":"appoint-backend","timestamp":"2025-12-03 18:57:26"}
{"level":"error","message":"jwt malformed","name":"JsonWebTokenError","service":"appoint-backend","stack":"JsonWebTokenError: jwt malformed\n    at module.exports (/home/cgawron/git/book_me/node_modules/jsonwebtoken/verify.js:70:17)\n    at requireAuth (/home/cgawron/git/book_me/backend/src/handlers/middleware.ts:44:7)\n    at Layer.handle [as handle_request] (/home/cgawron/git/book_me/node_modules/express/lib/router/layer.js:95:5)\n    at next (/home/cgawron/git/book_me/node_modules/express/lib/router/route.js:149:13)\n    at Route.dispatch (/home/cgawron/git/book_me/node_modules/express/lib/router/route.js:119:3)\n    at Layer.handle [as handle_request] (/home/cgawron/git/book_me/node_modules/express/lib/router/layer.js:95:5)\n    at /home/cgawron/git/book_me/node_modules/express/lib/router/index.js:284:15\n    at router.process_params (/home/cgawron/git/book_me/node_modules/express/lib/router/index.js:346:12)\n    at next (/home/cgawron/git/book_me/node_modules/express/lib/router/index.js:280:10)\n    at router.handle (/home/cgawron/git/book_me/node_modules/express/lib/router/index.js:175:3)","timestamp":"2025-12-03 18:57:26"}
{"level":"error","message":"CLIENT_SECRET not set!","service":"appoint-backend","timestamp":"2025-12-03 18:57:45"}
{"level":"error","message":"CLIENT_ID not set!","service":"appoint-backend","timestamp":"2025-12-03 18:57:45"}
{"level":"error","message":"getAvailableTime: event not found or freeBusy failed: TypeError: calendar.events.list is not a function\n    at /home/cgawron/git/book_me/backend/src/controller/google_controller.ts:310:30\n    at processTicksAndRejections (node:internal/process/task_queues:103:5) {\n  [stack]: [Getter/Setter],\n  [message]: 'calendar.events.list is not a function'\n}","service":"appoint-backend","timestamp":"2025-12-03 18:57:45"}
{"level":"error","message":"CLIENT_SECRET not set!","service":"appoint-backend","timestamp":"2025-12-03 18:58:08"}
{"level":"error","message":"CLIENT_ID not set!","service":"appoint-backend","timestamp":"2025-12-03 18:58:08"}
{"level":"error","message":"getAvailableTime: event not found or freeBusy failed: TypeError: calendar.events.list is not a function\n    at /home/cgawron/git/book_me/backend/src/controller/google_controller.ts:310:30\n    at processTicksAndRejections (node:internal/process/task_queues:103:5) {\n  [stack]: [Getter/Setter],\n  [message]: 'calendar.events.list is not a function'\n}","service":"appoint-backend","timestamp":"2025-12-03 18:58:08"}
{"level":"error","message":"CLIENT_SECRET not set!","service":"appoint-backend","timestamp":"2025-12-03 18:58:53"}
{"level":"error","message":"CLIENT_SECRET not set!","service":"appoint-backend","timestamp":"2025-12-03 18:58:53"}
{"level":"error","message":"CLIENT_ID not set!","service":"appoint-backend","timestamp":"2025-12-03 18:58:53"}
{"level":"error","message":"CLIENT_ID not set!","service":"appoint-backend","timestamp":"2025-12-03 18:58:53"}
{"level":"error","message":"CLIENT_SECRET not set!","service":"appoint-backend","timestamp":"2025-12-03 18:58:53"}
{"level":"error","message":"CLIENT_ID not set!","service":"appoint-backend","timestamp":"2025-12-03 18:58:53"}
{"level":"error","message":"getAvailableTime: event not found or freeBusy failed: TypeError: Cannot create property 'start' on number '0'\n    at /home/cgawron/git/book_me/common/src/types.ts:185:14\n    at IntervalSet.forEach (<anonymous>)\n    at IntervalSet.initializeWithArray (/home/cgawron/git/book_me/common/src/types.ts:184:9)\n    at new IntervalSet (/home/cgawron/git/book_me/common/src/types.ts:142:12)\n    at /home/cgawron/git/book_me/backend/src/controller/event_controller.ts:66:19\n    at processTicksAndRejections (node:internal/process/task_queues:103:5) {\n  [stack]: [Getter/Setter],\n  [message]: \"Cannot create property 'start' on number '0'\"\n}","service":"appoint-backend","timestamp":"2025-12-03 18:58:53"}
{"level":"error","message":"jwt malformed","name":"JsonWebTokenError","service":"appoint-backend","stack":"JsonWebTokenError: jwt malformed\n    at module.exports (/home/cgawron/git/book_me/node_modules/jsonwebtoken/verify.js:70:17)\n    at requireAuth (/home/cgawron/git/book_me/backend/src/handlers/middleware.ts:44:7)\n    at Layer.handle [as handle_request] (/home/cgawron/git/book_me/node_modules/express/lib/router/layer.js:95:5)\n    at next (/home/cgawron/git/book_me/node_modules/express/lib/router/route.js:149:13)\n    at Route.dispatch (/home/cgawron/git/book_me/node_modules/express/lib/router/route.js:119:3)\n    at Layer.handle [as handle_request] (/home/cgawron/git/book_me/node_modules/express/lib/router/layer.js:95:5)\n    at /home/cgawron/git/book_me/node_modules/express/lib/router/index.js:284:15\n    at router.process_params (/home/cgawron/git/book_me/node_modules/express/lib/router/index.js:346:12)\n    at next (/home/cgawron/git/book_me/node_modules/express/lib/router/index.js:280:10)\n    at router.handle (/home/cgawron/git/book_me/node_modules/express/lib/router/index.js:175:3)","timestamp":"2025-12-03 18:58:53"}
{"level":"error","message":"CLIENT_SECRET not set!","service":"appoint-backend","timestamp":"2025-12-03 18:59:15"}
{"level":"error","message":"CLIENT_ID not set!","service":"appoint-backend","timestamp":"2025-12-03 18:59:15"}
{"level":"error","message":"getAvailableTime: event not found or freeBusy failed: TypeError: Cannot create property 'start' on number '0'\n    at /home/cgawron/git/book_me/common/src/types.ts:185:14\n    at IntervalSet.forEach (<anonymous>)\n    at IntervalSet.initializeWithArray (/home/cgawron/git/book_me/common/src/types.ts:184:9)\n    at new IntervalSet (/home/cgawron/git/book_me/common/src/types.ts:142:12)\n    at /home/cgawron/git/book_me/backend/src/controller/event_controller.ts:66:19\n    at processTicksAndRejections (node:internal/process/task_queues:103:5) {\n  [stack]: [Getter/Setter],\n  [message]: \"Cannot create property 'start' on number '0'\"\n}","service":"appoint-backend","timestamp":"2025-12-03 18:59:16"}
{"level":"error","message":"CLIENT_SECRET not set!","service":"appoint-backend","timestamp":"2025-12-03 19:00:37"}
{"level":"error","message":"CLIENT_ID not set!","service":"appoint-backend","timestamp":"2025-12-03 19:00:37"}
{"level":"error","message":"getAvailableTime: event not found or freeBusy failed: TypeError: Cannot create property 'start' on number '0'\n    at /home/cgawron/git/book_me/common/src/types.ts:185:14\n    at IntervalSet.forEach (<anonymous>)\n    at IntervalSet.initializeWithArray (/home/cgawron/git/book_me/common/src/types.ts:184:9)\n    at new IntervalSet (/home/cgawron/git/book_me/common/src/types.ts:142:12)\n    at /home/cgawron/git/book_me/backend/src/controller/event_controller.ts:71:19\n    at processTicksAndRejections (node:internal/process/task_queues:103:5) {\n  [stack]: [Getter/Setter],\n  [message]: \"Cannot create property 'start' on number '0'\"\n}","service":"appoint-backend","timestamp":"2025-12-03 19:00:37"}
{"level":"error","message":"CLIENT_SECRET not set!","service":"appoint-backend","timestamp":"2025-12-03 19:01:19"}
{"level":"error","message":"CLIENT_ID not set!","service":"appoint-backend","timestamp":"2025-12-03 19:01:19"}
{"level":"error","message":"CLIENT_SECRET not set!","service":"appoint-backend","timestamp":"2025-12-03 19:01:19"}
{"level":"error","message":"CLIENT_ID not set!","service":"appoint-backend","timestamp":"2025-12-03 19:01:19"}
{"level":"error","message":"CLIENT_SECRET not set!","service":"appoint-backend","timestamp":"2025-12-03 19:01:20"}
{"level":"error","message":"CLIENT_ID not set!","service":"appoint-backend","timestamp":"2025-12-03 19:01:20"}
{"level":"error","message":"getAvailableTime: event not found or freeBusy failed: TypeError: Cannot create property 'start' on number '0'\n    at /home/cgawron/git/book_me/common/src/types.ts:185:14\n    at IntervalSet.forEach (<anonymous>)\n    at IntervalSet.initializeWithArray (/home/cgawron/git/book_me/common/src/types.ts:184:9)\n    at new IntervalSet (/home/cgawron/git/book_me/common/src/types.ts:142:12)\n    at /home/cgawron/git/book_me/backend/src/controller/event_controller.ts:71:19\n    at processTicksAndRejections (node:internal/process/task_queues:103:5) {\n  [stack]: [Getter/Setter],\n  [message]: \"Cannot create property 'start' on number '0'\"\n}","service":"appoint-backend","timestamp":"2025-12-03 19:01:20"}
{"level":"error","message":"jwt malformed","name":"JsonWebTokenError","service":"appoint-backend","stack":"JsonWebTokenError: jwt malformed\n    at module.exports (/home/cgawron/git/book_me/node_modules/jsonwebtoken/verify.js:70:17)\n    at requireAuth (/home/cgawron/git/book_me/backend/src/handlers/middleware.ts:44:7)\n    at Layer.handle [as handle_request] (/home/cgawron/git/book_me/node_modules/express/lib/router/layer.js:95:5)\n    at next (/home/cgawron/git/book_me/node_modules/express/lib/router/route.js:149:13)\n    at Route.dispatch (/home/cgawron/git/book_me/node_modules/express/lib/router/route.js:119:3)\n    at Layer.handle [as handle_request] (/home/cgawron/git/book_me/node_modules/express/lib/router/layer.js:95:5)\n    at /home/cgawron/git/book_me/node_modules/express/lib/router/index.js:284:15\n    at router.process_params (/home/cgawron/git/book_me/node_modules/express/lib/router/index.js:346:12)\n    at next (/home/cgawron/git/book_me/node_modules/express/lib/router/index.js:280:10)\n    at router.handle (/home/cgawron/git/book_me/node_modules/express/lib/router/index.js:175:3)","timestamp":"2025-12-03 19:01:20"}
{"level":"error","message":"CLIENT_SECRET not set!","service":"appoint-backend","timestamp":"2025-12-03 19:01:43"}
{"level":"error","message":"CLIENT_ID not set!","service":"appoint-backend","timestamp":"2025-12-03 19:01:43"}
{"level":"error","message":"getAvailableTime: event not found or freeBusy failed: TypeError: Cannot create property 'start' on number '0'\n    at /home/cgawron/git/book_me/common/src/types.ts:185:14\n    at IntervalSet.forEach (<anonymous>)\n    at IntervalSet.initializeWithArray (/home/cgawron/git/book_me/common/src/types.ts:184:9)\n    at new IntervalSet (/home/cgawron/git/book_me/common/src/types.ts:142:12)\n    at /home/cgawron/git/book_me/backend/src/controller/event_controller.ts:71:19\n    at processTicksAndRejections (node:internal/process/task_queues:103:5) {\n  [stack]: [Getter/Setter],\n  [message]: \"Cannot create property 'start' on number '0'\"\n}","service":"appoint-backend","timestamp":"2025-12-03 19:01:43"}
{"level":"error","message":"CLIENT_SECRET not set!","service":"appoint-backend","timestamp":"2025-12-03 19:02:39"}
{"level":"error","message":"CLIENT_ID not set!","service":"appoint-backend","timestamp":"2025-12-03 19:02:39"}
{"level":"error","message":"CLIENT_SECRET not set!","service":"appoint-backend","timestamp":"2025-12-03 19:02:39"}
{"level":"error","message":"CLIENT_ID not set!","service":"appoint-backend","timestamp":"2025-12-03 19:02:39"}
{"level":"error","message":"CLIENT_SECRET not set!","service":"appoint-backend","timestamp":"2025-12-03 19:02:39"}
{"level":"error","message":"CLIENT_ID not set!","service":"appoint-backend","timestamp":"2025-12-03 19:02:39"}
{"level":"error","message":"jwt malformed","name":"JsonWebTokenError","service":"appoint-backend","stack":"JsonWebTokenError: jwt malformed\n    at module.exports (/home/cgawron/git/book_me/node_modules/jsonwebtoken/verify.js:70:17)\n    at requireAuth (/home/cgawron/git/book_me/backend/src/handlers/middleware.ts:44:7)\n    at Layer.handle [as handle_request] (/home/cgawron/git/book_me/node_modules/express/lib/router/layer.js:95:5)\n    at next (/home/cgawron/git/book_me/node_modules/express/lib/router/route.js:149:13)\n    at Route.dispatch (/home/cgawron/git/book_me/node_modules/express/lib/router/route.js:119:3)\n    at Layer.handle [as handle_request] (/home/cgawron/git/book_me/node_modules/express/lib/router/layer.js:95:5)\n    at /home/cgawron/git/book_me/node_modules/express/lib/router/index.js:284:15\n    at router.process_params (/home/cgawron/git/book_me/node_modules/express/lib/router/index.js:346:12)\n    at next (/home/cgawron/git/book_me/node_modules/express/lib/router/index.js:280:10)\n    at router.handle (/home/cgawron/git/book_me/node_modules/express/lib/router/index.js:175:3)","timestamp":"2025-12-03 19:02:40"}
{"level":"error","message":"CLIENT_SECRET not set!","service":"appoint-backend","timestamp":"2025-12-03 19:03:38"}
{"level":"error","message":"CLIENT_SECRET not set!","service":"appoint-backend","timestamp":"2025-12-03 19:03:38"}
{"level":"error","message":"CLIENT_ID not set!","service":"appoint-backend","timestamp":"2025-12-03 19:03:38"}
{"level":"error","message":"CLIENT_ID not set!","service":"appoint-backend","timestamp":"2025-12-03 19:03:38"}
{"level":"error","message":"CLIENT_SECRET not set!","service":"appoint-backend","timestamp":"2025-12-03 19:03:38"}
{"level":"error","message":"CLIENT_ID not set!","service":"appoint-backend","timestamp":"2025-12-03 19:03:38"}
{"level":"error","message":"jwt malformed","name":"JsonWebTokenError","service":"appoint-backend","stack":"JsonWebTokenError: jwt malformed\n    at module.exports (/home/cgawron/git/book_me/node_modules/jsonwebtoken/verify.js:70:17)\n    at requireAuth (/home/cgawron/git/book_me/backend/src/handlers/middleware.ts:44:7)\n    at Layer.handle [as handle_request] (/home/cgawron/git/book_me/node_modules/express/lib/router/layer.js:95:5)\n    at next (/home/cgawron/git/book_me/node_modules/express/lib/router/route.js:149:13)\n    at Route.dispatch (/home/cgawron/git/book_me/node_modules/express/lib/router/route.js:119:3)\n    at Layer.handle [as handle_request] (/home/cgawron/git/book_me/node_modules/express/lib/router/layer.js:95:5)\n    at /home/cgawron/git/book_me/node_modules/express/lib/router/index.js:284:15\n    at router.process_params (/home/cgawron/git/book_me/node_modules/express/lib/router/index.js:346:12)\n    at next (/home/cgawron/git/book_me/node_modules/express/lib/router/index.js:280:10)\n    at router.handle (/home/cgawron/git/book_me/node_modules/express/lib/router/index.js:175:3)","timestamp":"2025-12-03 19:03:39"}
{"level":"error","message":"CLIENT_SECRET not set!","service":"appoint-backend","timestamp":"2025-12-03 19:13:33"}
{"level":"error","message":"CLIENT_SECRET not set!","service":"appoint-backend","timestamp":"2025-12-03 19:13:33"}
{"level":"error","message":"CLIENT_ID not set!","service":"appoint-backend","timestamp":"2025-12-03 19:13:33"}
{"level":"error","message":"CLIENT_ID not set!","service":"appoint-backend","timestamp":"2025-12-03 19:13:33"}
{"level":"error","message":"CLIENT_SECRET not set!","service":"appoint-backend","timestamp":"2025-12-03 19:13:33"}
{"level":"error","message":"CLIENT_ID not set!","service":"appoint-backend","timestamp":"2025-12-03 19:13:33"}
{"level":"error","message":"jwt malformed","name":"JsonWebTokenError","service":"appoint-backend","stack":"JsonWebTokenError: jwt malformed\n    at module.exports (/home/cgawron/git/book_me/node_modules/jsonwebtoken/verify.js:70:17)\n    at requireAuth (/home/cgawron/git/book_me/backend/src/handlers/middleware.ts:44:7)\n    at Layer.handle [as handle_request] (/home/cgawron/git/book_me/node_modules/express/lib/router/layer.js:95:5)\n    at next (/home/cgawron/git/book_me/node_modules/express/lib/router/route.js:149:13)\n    at Route.dispatch (/home/cgawron/git/book_me/node_modules/express/lib/router/route.js:119:3)\n    at Layer.handle [as handle_request] (/home/cgawron/git/book_me/node_modules/express/lib/router/layer.js:95:5)\n    at /home/cgawron/git/book_me/node_modules/express/lib/router/index.js:284:15\n    at router.process_params (/home/cgawron/git/book_me/node_modules/express/lib/router/index.js:346:12)\n    at next (/home/cgawron/git/book_me/node_modules/express/lib/router/index.js:280:10)\n    at router.handle (/home/cgawron/git/book_me/node_modules/express/lib/router/index.js:175:3)","timestamp":"2025-12-03 19:13:34"}
{"level":"error","message":"CLIENT_SECRET not set!","service":"appoint-backend","timestamp":"2025-12-03 19:14:38"}
{"level":"error","message":"CLIENT_ID not set!","service":"appoint-backend","timestamp":"2025-12-03 19:14:38"}
{"level":"error","message":"CLIENT_SECRET not set!","service":"appoint-backend","timestamp":"2025-12-03 19:14:38"}
{"level":"error","message":"CLIENT_ID not set!","service":"appoint-backend","timestamp":"2025-12-03 19:14:38"}
{"level":"error","message":"CLIENT_SECRET not set!","service":"appoint-backend","timestamp":"2025-12-03 19:14:38"}
{"level":"error","message":"CLIENT_ID not set!","service":"appoint-backend","timestamp":"2025-12-03 19:14:38"}
{"level":"error","message":"jwt malformed","name":"JsonWebTokenError","service":"appoint-backend","stack":"JsonWebTokenError: jwt malformed\n    at module.exports (/home/cgawron/git/book_me/node_modules/jsonwebtoken/verify.js:70:17)\n    at requireAuth (/home/cgawron/git/book_me/backend/src/handlers/middleware.ts:44:7)\n    at Layer.handle [as handle_request] (/home/cgawron/git/book_me/node_modules/express/lib/router/layer.js:95:5)\n    at next (/home/cgawron/git/book_me/node_modules/express/lib/router/route.js:149:13)\n    at Route.dispatch (/home/cgawron/git/book_me/node_modules/express/lib/router/route.js:119:3)\n    at Layer.handle [as handle_request] (/home/cgawron/git/book_me/node_modules/express/lib/router/layer.js:95:5)\n    at /home/cgawron/git/book_me/node_modules/express/lib/router/index.js:284:15\n    at router.process_params (/home/cgawron/git/book_me/node_modules/express/lib/router/index.js:346:12)\n    at next (/home/cgawron/git/book_me/node_modules/express/lib/router/index.js:280:10)\n    at router.handle (/home/cgawron/git/book_me/node_modules/express/lib/router/index.js:175:3)","timestamp":"2025-12-03 19:14:39"}
{"level":"error","message":"CLIENT_SECRET not set!","service":"appoint-backend","timestamp":"2025-12-03 19:15:07"}
{"level":"error","message":"CLIENT_ID not set!","service":"appoint-backend","timestamp":"2025-12-03 19:15:07"}
{"level":"error","message":"CLIENT_SECRET not set!","service":"appoint-backend","timestamp":"2025-12-03 19:15:07"}
{"level":"error","message":"CLIENT_ID not set!","service":"appoint-backend","timestamp":"2025-12-03 19:15:07"}
{"level":"error","message":"CLIENT_SECRET not set!","service":"appoint-backend","timestamp":"2025-12-03 19:15:07"}
{"level":"error","message":"CLIENT_ID not set!","service":"appoint-backend","timestamp":"2025-12-03 19:15:07"}
{"level":"error","message":"jwt malformed","name":"JsonWebTokenError","service":"appoint-backend","stack":"JsonWebTokenError: jwt malformed\n    at module.exports (/home/cgawron/git/book_me/node_modules/jsonwebtoken/verify.js:70:17)\n    at requireAuth (/home/cgawron/git/book_me/backend/src/handlers/middleware.ts:44:7)\n    at Layer.handle [as handle_request] (/home/cgawron/git/book_me/node_modules/express/lib/router/layer.js:95:5)\n    at next (/home/cgawron/git/book_me/node_modules/express/lib/router/route.js:149:13)\n    at Route.dispatch (/home/cgawron/git/book_me/node_modules/express/lib/router/route.js:119:3)\n    at Layer.handle [as handle_request] (/home/cgawron/git/book_me/node_modules/express/lib/router/layer.js:95:5)\n    at /home/cgawron/git/book_me/node_modules/express/lib/router/index.js:284:15\n    at router.process_params (/home/cgawron/git/book_me/node_modules/express/lib/router/index.js:346:12)\n    at next (/home/cgawron/git/book_me/node_modules/express/lib/router/index.js:280:10)\n    at router.handle (/home/cgawron/git/book_me/node_modules/express/lib/router/index.js:175:3)","timestamp":"2025-12-03 19:15:08"}
{"level":"error","message":"CLIENT_SECRET not set!","service":"appoint-backend","timestamp":"2025-12-03 19:15:52"}
{"level":"error","message":"CLIENT_ID not set!","service":"appoint-backend","timestamp":"2025-12-03 19:15:52"}
{"level":"error","message":"CLIENT_SECRET not set!","service":"appoint-backend","timestamp":"2025-12-03 19:15:52"}
{"level":"error","message":"CLIENT_ID not set!","service":"appoint-backend","timestamp":"2025-12-03 19:15:52"}
{"level":"error","message":"CLIENT_SECRET not set!","service":"appoint-backend","timestamp":"2025-12-03 19:15:52"}
{"level":"error","message":"CLIENT_ID not set!","service":"appoint-backend","timestamp":"2025-12-03 19:15:52"}
{"level":"error","message":"jwt malformed","name":"JsonWebTokenError","service":"appoint-backend","stack":"JsonWebTokenError: jwt malformed\n    at module.exports (/home/cgawron/git/book_me/node_modules/jsonwebtoken/verify.js:70:17)\n    at requireAuth (/home/cgawron/git/book_me/backend/src/handlers/middleware.ts:44:7)\n    at Layer.handle [as handle_request] (/home/cgawron/git/book_me/node_modules/express/lib/router/layer.js:95:5)\n    at next (/home/cgawron/git/book_me/node_modules/express/lib/router/route.js:149:13)\n    at Route.dispatch (/home/cgawron/git/book_me/node_modules/express/lib/router/route.js:119:3)\n    at Layer.handle [as handle_request] (/home/cgawron/git/book_me/node_modules/express/lib/router/layer.js:95:5)\n    at /home/cgawron/git/book_me/node_modules/express/lib/router/index.js:284:15\n    at router.process_params (/home/cgawron/git/book_me/node_modules/express/lib/router/index.js:346:12)\n    at next (/home/cgawron/git/book_me/node_modules/express/lib/router/index.js:280:10)\n    at router.handle (/home/cgawron/git/book_me/node_modules/express/lib/router/index.js:175:3)","timestamp":"2025-12-03 19:15:53"}
{"level":"error","message":"CLIENT_SECRET not set!","service":"appoint-backend","timestamp":"2025-12-03 19:17:54"}
{"level":"error","message":"CLIENT_ID not set!","service":"appoint-backend","timestamp":"2025-12-03 19:17:54"}
{"level":"error","message":"CLIENT_SECRET not set!","service":"appoint-backend","timestamp":"2025-12-03 19:17:54"}
{"level":"error","message":"CLIENT_ID not set!","service":"appoint-backend","timestamp":"2025-12-03 19:17:54"}
{"level":"error","message":"CLIENT_SECRET not set!","service":"appoint-backend","timestamp":"2025-12-03 19:17:54"}
{"level":"error","message":"CLIENT_ID not set!","service":"appoint-backend","timestamp":"2025-12-03 19:17:54"}
{"level":"error","message":"jwt malformed","name":"JsonWebTokenError","service":"appoint-backend","stack":"JsonWebTokenError: jwt malformed\n    at module.exports (/home/cgawron/git/book_me/node_modules/jsonwebtoken/verify.js:70:17)\n    at requireAuth (/home/cgawron/git/book_me/backend/src/handlers/middleware.ts:44:7)\n    at Layer.handle [as handle_request] (/home/cgawron/git/book_me/node_modules/express/lib/router/layer.js:95:5)\n    at next (/home/cgawron/git/book_me/node_modules/express/lib/router/route.js:149:13)\n    at Route.dispatch (/home/cgawron/git/book_me/node_modules/express/lib/router/route.js:119:3)\n    at Layer.handle [as handle_request] (/home/cgawron/git/book_me/node_modules/express/lib/router/layer.js:95:5)\n    at /home/cgawron/git/book_me/node_modules/express/lib/router/index.js:284:15\n    at router.process_params (/home/cgawron/git/book_me/node_modules/express/lib/router/index.js:346:12)\n    at next (/home/cgawron/git/book_me/node_modules/express/lib/router/index.js:280:10)\n    at router.handle (/home/cgawron/git/book_me/node_modules/express/lib/router/index.js:175:3)","timestamp":"2025-12-03 19:17:55"}
